{"name": "test_create_empty_team", "status": "broken", "statusDetails": {"message": "selenium.common.exceptions.TimeoutException: Message: \nStacktrace:\n\tGetHandleVerifier [0x00007FF7429EB095+29557]\n\t(No symbol) [0x00007FF74295FA50]\n\t(No symbol) [0x00007FF74281B56A]\n\t(No symbol) [0x00007FF74286F695]\n\t(No symbol) [0x00007FF74286F8EC]\n\t(No symbol) [0x00007FF7428BB777]\n\t(No symbol) [0x00007FF7428971CF]\n\t(No symbol) [0x00007FF7428B851C]\n\t(No symbol) [0x00007FF742896F33]\n\t(No symbol) [0x00007FF74286116F]\n\t(No symbol) [0x00007FF7428622D1]\n\tGetHandleVerifier [0x00007FF742D1C96D+3378253]\n\tGetHandleVerifier [0x00007FF742D68497+3688311]\n\tGetHandleVerifier [0x00007FF742D5D1CB+3642539]\n\tGetHandleVerifier [0x00007FF742AAA6B6+813462]\n\t(No symbol) [0x00007FF74296AB5F]\n\t(No symbol) [0x00007FF742966B74]\n\t(No symbol) [0x00007FF742966D10]\n\t(No symbol) [0x00007FF742955C1F]\n\tBaseThreadInitThunk [0x00007FF80ABF7374+20]\n\tRtlUserThreadStart [0x00007FF80AD3CC91+33]", "trace": "self = <team.test_teams.TestTeam object at 0x0000027FA5A7EF20>\nsetup = <selenium.webdriver.chrome.webdriver.WebDriver (session=\"1396844977238d4a6ff0e6afa55d71be\")>\n\n>   ???\n\nC:\\Users\\Kajal\\Desktop\\Fonu\\team\\test_teams.py:90: \n_ _ _ _ _ _ _ _ _ _ _ _ _ _ _ _ _ _ _ _ _ _ _ _ _ _ _ _ _ _ _ _ _ _ _ _ _ _ _ _\nteam\\page_teams.py:22: in click_create_team\n    self.click_element('CSS_SELECTOR', lt.create_team_btn_css)\nhelpers\\base_page.py:56: in click_element\n    element = WebDriverWait(self.driver, timeout).until(\n_ _ _ _ _ _ _ _ _ _ _ _ _ _ _ _ _ _ _ _ _ _ _ _ _ _ _ _ _ _ _ _ _ _ _ _ _ _ _ _\n\nself = <selenium.webdriver.support.wait.WebDriverWait (session=\"1396844977238d4a6ff0e6afa55d71be\")>\nmethod = <function element_to_be_clickable.<locals>._predicate at 0x0000027FA5C771C0>\nmessage = ''\n\n    def until(self, method: Callable[[WebDriver], Union[Literal[False], T]], message: str = \"\") -> T:\n        \"\"\"Calls the method provided with the driver as an argument until the \\\n        return value does not evaluate to ``False``.\n    \n        :param method: callable(WebDriver)\n        :param message: optional message for :exc:`TimeoutException`\n        :returns: the result of the last call to `method`\n        :raises: :exc:`selenium.common.exceptions.TimeoutException` if timeout occurs\n        \"\"\"\n        screen = None\n        stacktrace = None\n    \n        end_time = time.monotonic() + self._timeout\n        while True:\n            try:\n                value = method(self._driver)\n                if value:\n                    return value\n            except self._ignored_exceptions as exc:\n                screen = getattr(exc, \"screen\", None)\n                stacktrace = getattr(exc, \"stacktrace\", None)\n            time.sleep(self._poll)\n            if time.monotonic() > end_time:\n                break\n>       raise TimeoutException(message, screen, stacktrace)\nE       selenium.common.exceptions.TimeoutException: Message: \nE       Stacktrace:\nE       \tGetHandleVerifier [0x00007FF7429EB095+29557]\nE       \t(No symbol) [0x00007FF74295FA50]\nE       \t(No symbol) [0x00007FF74281B56A]\nE       \t(No symbol) [0x00007FF74286F695]\nE       \t(No symbol) [0x00007FF74286F8EC]\nE       \t(No symbol) [0x00007FF7428BB777]\nE       \t(No symbol) [0x00007FF7428971CF]\nE       \t(No symbol) [0x00007FF7428B851C]\nE       \t(No symbol) [0x00007FF742896F33]\nE       \t(No symbol) [0x00007FF74286116F]\nE       \t(No symbol) [0x00007FF7428622D1]\nE       \tGetHandleVerifier [0x00007FF742D1C96D+3378253]\nE       \tGetHandleVerifier [0x00007FF742D68497+3688311]\nE       \tGetHandleVerifier [0x00007FF742D5D1CB+3642539]\nE       \tGetHandleVerifier [0x00007FF742AAA6B6+813462]\nE       \t(No symbol) [0x00007FF74296AB5F]\nE       \t(No symbol) [0x00007FF742966B74]\nE       \t(No symbol) [0x00007FF742966D10]\nE       \t(No symbol) [0x00007FF742955C1F]\nE       \tBaseThreadInitThunk [0x00007FF80ABF7374+20]\nE       \tRtlUserThreadStart [0x00007FF80AD3CC91+33]\n\n..\\..\\AppData\\Roaming\\Python\\Python310\\site-packages\\selenium\\webdriver\\support\\wait.py:101: TimeoutException"}, "start": 1729508363069, "stop": 1729508375650, "uuid": "f8559195-8ec2-41b9-8f6f-dd7c5239ff65", "historyId": "dea02f98519e63432d2b3ea926cc792d", "testCaseId": "dea02f98519e63432d2b3ea926cc792d", "fullName": "team.test_teams.TestTeam#test_create_empty_team", "labels": [{"name": "feature", "value": "Create a Team"}, {"name": "feature", "value": "Verify that a team without a member is created successfully"}, {"name": "parentSuite", "value": "team"}, {"name": "suite", "value": "test_teams"}, {"name": "subSuite", "value": "TestTeam"}, {"name": "host", "value": "DESKTOP-KARQK2V"}, {"name": "thread", "value": "14844-MainThread"}, {"name": "framework", "value": "pytest"}, {"name": "language", "value": "cpython3"}, {"name": "package", "value": "team.test_teams"}]}